[      64ms] [ERROR] ActionInvalidator subscription failed: TypeError: network error @ https://56kyrn.easypanel.host/assets/index-CBlUiBtI.js:480
[     103ms] [WARNING] Failed to decode downloaded font: https://56kyrn.easypanel.host/assets/files/inter-latin-wght-normal.woff2 @ https://56kyrn.easypanel.host/projects/apps/app/app-corrida/environment:0
[     103ms] [WARNING] OTS parsing error: invalid sfntVersion: 1008821359 @ https://56kyrn.easypanel.host/projects/apps/app/app-corrida/environment:0
[     132ms] [WARNING] Failed to decode downloaded font: https://56kyrn.easypanel.host/assets/files/inter-latin-wght-normal.woff2 @ https://56kyrn.easypanel.host/projects/apps/app/app-corrida/environment:0
[     132ms] [WARNING] OTS parsing error: invalid sfntVersion: 1008821359 @ https://56kyrn.easypanel.host/projects/apps/app/app-corrida/environment:0
[     404ms] [WARNING] Failed to decode downloaded font: https://56kyrn.easypanel.host/assets/files/inter-latin-wght-normal.woff2 @ https://56kyrn.easypanel.host/assets/index-CBlUiBtI.js:369
[     404ms] [WARNING] OTS parsing error: invalid sfntVersion: 1008821359 @ https://56kyrn.easypanel.host/assets/index-CBlUiBtI.js:369
[     423ms] [WARNING] Failed to decode downloaded font: https://56kyrn.easypanel.host/assets/files/inter-latin-wght-normal.woff2 @ https://56kyrn.easypanel.host/projects/apps/app/app-corrida/environment:0
[     423ms] [WARNING] OTS parsing error: invalid sfntVersion: 1008821359 @ https://56kyrn.easypanel.host/projects/apps/app/app-corrida/environment:0
[     433ms] [WARNING] Failed to decode downloaded font: https://56kyrn.easypanel.host/assets/files/inter-latin-wght-normal.woff2 @ https://56kyrn.easypanel.host/assets/index-CBlUiBtI.js:450
[     433ms] [WARNING] OTS parsing error: invalid sfntVersion: 1008821359 @ https://56kyrn.easypanel.host/assets/index-CBlUiBtI.js:450
[     434ms] [WARNING] Failed to decode downloaded font: https://56kyrn.easypanel.host/assets/files/inter-latin-wght-normal.woff2 @ https://56kyrn.easypanel.host/assets/index-CBlUiBtI.js:450
[     435ms] [WARNING] OTS parsing error: invalid sfntVersion: 1008821359 @ https://56kyrn.easypanel.host/assets/index-CBlUiBtI.js:450
[  258863ms] [WARNING] Failed to decode downloaded font: https://56kyrn.easypanel.host/assets/files/inter-latin-wght-normal.woff2 @ https://56kyrn.easypanel.host/projects/apps/app/app-corrida/environment:0
[  258863ms] [WARNING] OTS parsing error: invalid sfntVersion: 1008821359 @ https://56kyrn.easypanel.host/projects/apps/app/app-corrida/environment:0
[  268641ms] [WARNING] Failed to decode downloaded font: https://56kyrn.easypanel.host/assets/files/inter-latin-wght-normal.woff2 @ https://56kyrn.easypanel.host/assets/index-CBlUiBtI.js:302
[  268642ms] [WARNING] OTS parsing error: invalid sfntVersion: 1008821359 @ https://56kyrn.easypanel.host/assets/index-CBlUiBtI.js:302
[  268646ms] [WARNING] Failed to decode downloaded font: https://56kyrn.easypanel.host/assets/files/inter-latin-wght-normal.woff2 @ https://56kyrn.easypanel.host/projects/apps/app/app-corrida/environment:0
[  268646ms] [WARNING] OTS parsing error: invalid sfntVersion: 1008821359 @ https://56kyrn.easypanel.host/projects/apps/app/app-corrida/environment:0
[  268669ms] [WARNING] Failed to decode downloaded font: https://56kyrn.easypanel.host/assets/files/inter-latin-wght-normal.woff2 @ https://56kyrn.easypanel.host/projects/apps/app/app-corrida/environment:0
[  268669ms] [WARNING] OTS parsing error: invalid sfntVersion: 1008821359 @ https://56kyrn.easypanel.host/projects/apps/app/app-corrida/environment:0
[  268759ms] [WARNING] Failed to decode downloaded font: https://56kyrn.easypanel.host/assets/files/inter-latin-wght-normal.woff2 @ https://56kyrn.easypanel.host/projects/apps/app/app-corrida/environment:0
[  268759ms] [WARNING] OTS parsing error: invalid sfntVersion: 1008821359 @ https://56kyrn.easypanel.host/projects/apps/app/app-corrida/environment:0
