[      72ms] [ERROR] ActionInvalidator subscription failed: TypeError: network error @ https://56kyrn.easypanel.host/assets/index-CBlUiBtI.js:480
[     103ms] [WARNING] Failed to decode downloaded font: https://56kyrn.easypanel.host/assets/files/inter-latin-wght-normal.woff2 @ https://56kyrn.easypanel.host/projects/apps/create:0
[     103ms] [WARNING] OTS parsing error: invalid sfntVersion: 1008821359 @ https://56kyrn.easypanel.host/projects/apps/create:0
[     192ms] [WARNING] Failed to decode downloaded font: https://56kyrn.easypanel.host/assets/files/inter-latin-wght-normal.woff2 @ https://56kyrn.easypanel.host/projects/apps/create:0
[     192ms] [WARNING] OTS parsing error: invalid sfntVersion: 1008821359 @ https://56kyrn.easypanel.host/projects/apps/create:0
[   12549ms] [WARNING] Failed to decode downloaded font: https://56kyrn.easypanel.host/assets/files/inter-latin-wght-normal.woff2 @ https://56kyrn.easypanel.host/assets/index-CBlUiBtI.js:309
[   12549ms] [WARNING] OTS parsing error: invalid sfntVersion: 1008821359 @ https://56kyrn.easypanel.host/assets/index-CBlUiBtI.js:309
[   26952ms] [WARNING] Failed to decode downloaded font: https://56kyrn.easypanel.host/assets/files/inter-latin-wght-normal.woff2 @ https://56kyrn.easypanel.host/assets/index-CBlUiBtI.js:302
[   26952ms] [WARNING] OTS parsing error: invalid sfntVersion: 1008821359 @ https://56kyrn.easypanel.host/assets/index-CBlUiBtI.js:302
[   27021ms] [WARNING] Failed to decode downloaded font: https://56kyrn.easypanel.host/assets/files/inter-latin-wght-normal.woff2 @ https://56kyrn.easypanel.host/assets/index-CBlUiBtI.js:369
[   27021ms] [WARNING] OTS parsing error: invalid sfntVersion: 1008821359 @ https://56kyrn.easypanel.host/assets/index-CBlUiBtI.js:369
[   27083ms] [WARNING] Failed to decode downloaded font: https://56kyrn.easypanel.host/assets/files/inter-latin-wght-normal.woff2 @ https://56kyrn.easypanel.host/assets/index-CBlUiBtI.js:369
[   27083ms] [WARNING] OTS parsing error: invalid sfntVersion: 1008821359 @ https://56kyrn.easypanel.host/assets/index-CBlUiBtI.js:369
[   27124ms] [WARNING] Failed to decode downloaded font: https://56kyrn.easypanel.host/assets/files/inter-latin-wght-normal.woff2 @ https://56kyrn.easypanel.host/projects/apps/app/app-corrida/init/source:0
[   27124ms] [WARNING] OTS parsing error: invalid sfntVersion: 1008821359 @ https://56kyrn.easypanel.host/projects/apps/app/app-corrida/init/source:0
[   49921ms] [WARNING] Failed to decode downloaded font: https://56kyrn.easypanel.host/assets/files/inter-latin-wght-normal.woff2 @ https://56kyrn.easypanel.host/projects/apps/app/app-corrida/init/source:0
[   49921ms] [WARNING] OTS parsing error: invalid sfntVersion: 1008821359 @ https://56kyrn.easypanel.host/projects/apps/app/app-corrida/init/source:0
[  142042ms] [WARNING] Failed to decode downloaded font: https://56kyrn.easypanel.host/assets/files/inter-latin-wght-normal.woff2 @ https://56kyrn.easypanel.host/projects/apps/app/app-corrida/init/build:0
[  142042ms] [WARNING] OTS parsing error: invalid sfntVersion: 1008821359 @ https://56kyrn.easypanel.host/projects/apps/app/app-corrida/init/build:0
[  185013ms] [WARNING] Failed to decode downloaded font: https://56kyrn.easypanel.host/assets/files/inter-latin-wght-normal.woff2 @ https://56kyrn.easypanel.host/projects/apps/app/app-corrida:0
[  185013ms] [WARNING] OTS parsing error: invalid sfntVersion: 1008821359 @ https://56kyrn.easypanel.host/projects/apps/app/app-corrida:0
[  185074ms] [WARNING] Failed to decode downloaded font: https://56kyrn.easypanel.host/assets/files/inter-latin-wght-normal.woff2 @ https://56kyrn.easypanel.host/projects/apps/app/app-corrida:0
[  185074ms] [WARNING] OTS parsing error: invalid sfntVersion: 1008821359 @ https://56kyrn.easypanel.host/projects/apps/app/app-corrida:0
